Using pre-set license
Built from '2020.3/release' branch; Version is '2020.3.15f2 (6cf78cb77498) revision 7141260'; Using compiler version '192528614'; Build Type 'Release'
OS: 'Windows 10 Home; OS build 19042.1165; Version 2009; 64bit' Language: 'en' Physical Memory: 16281 MB
BatchMode: 1, IsHumanControllingUs: 0, StartBugReporterOnCrash: 0, Is64bit: 1, IsPro: 0

 COMMAND LINE ARGUMENTS:
C:\Program Files\Unity\Hub\Editor\2020.3.15f2\Editor\Unity.exe
-adb2
-batchMode
-noUpm
-name
AssetImportWorker0
-projectPath
C:/Users/danie/Documents/GitHub/lets-build-a-game/Code/BuildAGame
-logFile
Logs/AssetImportWorker0.log
-srvPort
53910
Successfully changed project path to: C:/Users/danie/Documents/GitHub/lets-build-a-game/Code/BuildAGame
C:/Users/danie/Documents/GitHub/lets-build-a-game/Code/BuildAGame
Using Asset Import Pipeline V2.
Refreshing native plugins compatible for Editor in 105.02 ms, found 3 plugins.
Preloading 0 native plugins for Editor in 0.00 ms.
Initialize engine version: 2020.3.15f2 (6cf78cb77498)
[Subsystems] Discovering subsystems at path C:/Program Files/Unity/Hub/Editor/2020.3.15f2/Editor/Data/Resources/UnitySubsystems
[Subsystems] Discovering subsystems at path C:/Users/danie/Documents/GitHub/lets-build-a-game/Code/BuildAGame/Assets
GfxDevice: creating device client; threaded=0
Direct3D:
    Version:  Direct3D 11.0 [level 11.1]
    Renderer: NVIDIA GeForce GTX 970 (ID=0x13c2)
    Vendor:   
    VRAM:     4043 MB
    Driver:   27.21.14.5671
Shader 'Universal Render Pipeline/Particles/Lit': fallback shader 'Universal Render Pipeline/Particles/SimpleLit' not found
Initialize mono
Mono path[0] = 'C:/Program Files/Unity/Hub/Editor/2020.3.15f2/Editor/Data/Managed'
Mono path[1] = 'C:/Program Files/Unity/Hub/Editor/2020.3.15f2/Editor/Data/MonoBleedingEdge/lib/mono/unityjit'
Mono config path = 'C:/Program Files/Unity/Hub/Editor/2020.3.15f2/Editor/Data/MonoBleedingEdge/etc'
Using monoOptions --debugger-agent=transport=dt_socket,embedding=1,server=y,suspend=n,address=127.0.0.1:56420
Begin MonoManager ReloadAssembly
Registering precompiled unity dll's ...
Register platform support module: C:/Program Files/Unity/Hub/Editor/2020.3.15f2/Editor/Data/PlaybackEngines/WebGLSupport/UnityEditor.WebGL.Extensions.dll
Register platform support module: C:/Program Files/Unity/Hub/Editor/2020.3.15f2/Editor/Data/PlaybackEngines/WindowsStandaloneSupport/UnityEditor.WindowsStandalone.Extensions.dll
Registered in 0.005996 seconds.
Native extension for WindowsStandalone target not found
Native extension for WebGL target not found
Refreshing native plugins compatible for Editor in 104.36 ms, found 3 plugins.
Preloading 0 native plugins for Editor in 0.00 ms.
Mono: successfully reloaded assembly
- Completed reload, in  2.057 seconds
Domain Reload Profiling:
	ReloadAssembly (2057ms)
		BeginReloadAssembly (90ms)
			ExecutionOrderSort (0ms)
			DisableScriptedObjects (0ms)
			BackupInstance (0ms)
			ReleaseScriptingObjects (0ms)
			CreateAndSetChildDomain (1ms)
		EndReloadAssembly (776ms)
			LoadAssemblies (86ms)
			RebuildTransferFunctionScriptingTraits (0ms)
			SetupTypeCache (295ms)
			ReleaseScriptCaches (0ms)
			RebuildScriptCaches (52ms)
			SetupLoadedEditorAssemblies (309ms)
				LogAssemblyErrors (0ms)
				InitializePlatformSupportModulesInManaged (8ms)
				SetLoadedEditorAssemblies (0ms)
				RefreshPlugins (104ms)
				BeforeProcessingInitializeOnLoad (23ms)
				ProcessInitializeOnLoadAttributes (128ms)
				ProcessInitializeOnLoadMethodAttributes (46ms)
				AfterProcessingInitializeOnLoad (0ms)
				EditorAssembliesLoaded (0ms)
			ExecutionOrderSort2 (0ms)
			AwakeInstancesAfterBackupRestoration (0ms)
Platform modules already initialized, skipping
Registering precompiled user dll's ...
Registered in 0.010165 seconds.
Begin MonoManager ReloadAssembly
Native extension for WindowsStandalone target not found
Native extension for WebGL target not found
Refreshing native plugins compatible for Editor in 105.92 ms, found 3 plugins.
Preloading 0 native plugins for Editor in 0.00 ms.
Mono: successfully reloaded assembly
- Completed reload, in  2.325 seconds
Domain Reload Profiling:
	ReloadAssembly (2327ms)
		BeginReloadAssembly (257ms)
			ExecutionOrderSort (0ms)
			DisableScriptedObjects (8ms)
			BackupInstance (0ms)
			ReleaseScriptingObjects (0ms)
			CreateAndSetChildDomain (34ms)
		EndReloadAssembly (1946ms)
			LoadAssemblies (168ms)
			RebuildTransferFunctionScriptingTraits (0ms)
			SetupTypeCache (640ms)
			ReleaseScriptCaches (1ms)
			RebuildScriptCaches (99ms)
			SetupLoadedEditorAssemblies (820ms)
				LogAssemblyErrors (0ms)
				InitializePlatformSupportModulesInManaged (8ms)
				SetLoadedEditorAssemblies (0ms)
				RefreshPlugins (106ms)
				BeforeProcessingInitializeOnLoad (204ms)
				ProcessInitializeOnLoadAttributes (472ms)
				ProcessInitializeOnLoadMethodAttributes (16ms)
				AfterProcessingInitializeOnLoad (13ms)
				EditorAssembliesLoaded (0ms)
			ExecutionOrderSort2 (0ms)
			AwakeInstancesAfterBackupRestoration (11ms)
Platform modules already initialized, skipping
========================================================================
Worker process is ready to serve import requests
Shader 'Universal Render Pipeline/Particles/Lit': fallback shader 'Universal Render Pipeline/Particles/SimpleLit' not found
Launched and connected shader compiler UnityShaderCompiler.exe after 0.11 seconds
Refreshing native plugins compatible for Editor in 1.01 ms, found 3 plugins.
Preloading 0 native plugins for Editor in 0.00 ms.
Unloading 3055 Unused Serialized files (Serialized files now loaded: 0)
System memory in use before: 153.1 MB.
System memory in use after: 153.3 MB.

Unloading 24 unused Assets to reduce memory usage. Loaded Objects now: 3512.
Total: 5.182300 ms (FindLiveObjects: 0.673200 ms CreateObjectMapping: 0.156700 ms MarkObjects: 4.310900 ms  DeleteObjects: 0.039500 ms)

AssetImportParameters requested are different than current active one (requested -> active):
  custom:framework-win-MediaFoundation: 216162199b28c13a410421893ffa2e32 -> 
  custom:video-decoder-ogg-theora: a1e56fd34408186e4bbccfd4996cb3dc -> 
  custom:container-muxer-webm: aa71ff27fc2769a1b78a27578f13a17b -> 
  custom:container-demuxer-webm: 4f35f7cbe854078d1ac9338744f61a02 -> 
  custom:container-demuxer-ogg: 62fdf1f143b41e24485cea50d1cbac27 -> 
  custom:video-encoder-webm-vp8: eb34c28f22e8b96e1ab97ce403110664 -> 
  custom:video-decoder-webm-vp8: 9c59270c3fd7afecdb556c50c9e8de78 -> 
  custom:audio-decoder-ogg-vorbis: bf7c407c2cedff20999df2af8eb42d56 -> 
  custom:audio-encoder-webm-vorbis: bf7c407c2cedff20999df2af8eb42d56 -> 
========================================================================
Received Import Request.
  path: Assets/Resources/Audio/Music
  artifactKey: Guid(6ac3a9a64ea79c74088ba06c4f4ec453) Importer(815301076,1909f56bfc062723c751e8b465ee728b)
Start importing Assets/Resources/Audio/Music using Guid(6ac3a9a64ea79c74088ba06c4f4ec453) Importer(815301076,1909f56bfc062723c751e8b465ee728b)  -> (artifact id: '577c513eb58df7bd40631b8d1e0e4966') in 0.021335 seconds 
  Import took 0.028877 seconds .

========================================================================
Received Import Request.
  Time since last request: 0.000253 seconds.
  path: Assets/Resources/Audio/Music/Placeholder_Potato.wav
  artifactKey: Guid(a4f6787a579c9fc4192bd3598f13fd88) Importer(815301076,1909f56bfc062723c751e8b465ee728b)
Start importing Assets/Resources/Audio/Music/Placeholder_Potato.wav using Guid(a4f6787a579c9fc4192bd3598f13fd88) Importer(815301076,1909f56bfc062723c751e8b465ee728b)  -> (artifact id: '2786b01fab68cc652c0291df01713053') in 0.149004 seconds 
  Import took 0.155910 seconds .

========================================================================
Received Import Request.
  Time since last request: 0.000308 seconds.
  path: Assets/Resources/Audio/Music/Placeholder_JumpyGame.wav
  artifactKey: Guid(3466b5cb6508b514fae31df6eb7b1adb) Importer(815301076,1909f56bfc062723c751e8b465ee728b)
Start importing Assets/Resources/Audio/Music/Placeholder_JumpyGame.wav using Guid(3466b5cb6508b514fae31df6eb7b1adb) Importer(815301076,1909f56bfc062723c751e8b465ee728b)  -> (artifact id: '6145da7b456b2ca2d3f662331d676364') in 0.027998 seconds 
  Import took 0.034925 seconds .

========================================================================
Received Import Request.
  Time since last request: 0.000239 seconds.
  path: Assets/Resources/Audio/Music/Placeholder_InfiniteDoors.wav
  artifactKey: Guid(a8b72b79f76fa824d85ae83586cfbf07) Importer(815301076,1909f56bfc062723c751e8b465ee728b)
Start importing Assets/Resources/Audio/Music/Placeholder_InfiniteDoors.wav using Guid(a8b72b79f76fa824d85ae83586cfbf07) Importer(815301076,1909f56bfc062723c751e8b465ee728b)  -> (artifact id: '9e05da54aa7d1fdb88d6d8273e9097b0') in 0.022141 seconds 
  Import took 0.028735 seconds .

========================================================================
Received Import Request.
  Time since last request: 0.000288 seconds.
  path: Assets/Resources/Audio/Music/Placeholder_Chunky_Monkey.wav
  artifactKey: Guid(aba2f9fa476ac8c44b78abba44ff914e) Importer(815301076,1909f56bfc062723c751e8b465ee728b)
Start importing Assets/Resources/Audio/Music/Placeholder_Chunky_Monkey.wav using Guid(aba2f9fa476ac8c44b78abba44ff914e) Importer(815301076,1909f56bfc062723c751e8b465ee728b)  -> (artifact id: 'b6e65262e0db82017e47ec639a408468') in 0.026985 seconds 
  Import took 0.034114 seconds .

========================================================================
Received Import Request.
  Time since last request: 0.000269 seconds.
  path: Assets/Resources
  artifactKey: Guid(63fb354a95d0960489855b8846512b27) Importer(815301076,1909f56bfc062723c751e8b465ee728b)
Start importing Assets/Resources using Guid(63fb354a95d0960489855b8846512b27) Importer(815301076,1909f56bfc062723c751e8b465ee728b)  -> (artifact id: 'f55eae53ba7a2e43dd281f61be4604b9') in 0.008202 seconds 
  Import took 0.014207 seconds .

========================================================================
Received Import Request.
  Time since last request: 0.000302 seconds.
  path: Assets/Resources/Audio
  artifactKey: Guid(aa57632da6c4ce64480bb02b8e4539f1) Importer(815301076,1909f56bfc062723c751e8b465ee728b)
Start importing Assets/Resources/Audio using Guid(aa57632da6c4ce64480bb02b8e4539f1) Importer(815301076,1909f56bfc062723c751e8b465ee728b)  -> (artifact id: 'a8aa5ede790aa60aaded2e1d98fbd666') in 0.009059 seconds 
  Import took 0.015133 seconds .

========================================================================
Received Import Request.
  Time since last request: 692.320484 seconds.
  path: Assets/Scripts/MapProgress.cs
  artifactKey: Guid(fda083f0b97bc074b8fab09353d543b5) Importer(815301076,1909f56bfc062723c751e8b465ee728b)
Start importing Assets/Scripts/MapProgress.cs using Guid(fda083f0b97bc074b8fab09353d543b5) Importer(815301076,1909f56bfc062723c751e8b465ee728b)  -> (artifact id: '2ab2f3671d4b202168714bfb6548f3f1') in 0.016188 seconds 
  Import took 0.023258 seconds .

========================================================================
Received Import Request.
  Time since last request: 0.028032 seconds.
  path: Assets/Scripts/MapProgress.cs
  artifactKey: Guid(fda083f0b97bc074b8fab09353d543b5) Importer(815301076,1909f56bfc062723c751e8b465ee728b)
Start importing Assets/Scripts/MapProgress.cs using Guid(fda083f0b97bc074b8fab09353d543b5) Importer(815301076,1909f56bfc062723c751e8b465ee728b)  -> (artifact id: '2ab2f3671d4b202168714bfb6548f3f1') in 0.003442 seconds 
  Import took 0.010765 seconds .

========================================================================
Received Import Request.
  Time since last request: 45.649546 seconds.
  path: Assets/Scripts/MapPointScriptable.cs
  artifactKey: Guid(39fc00d3bd7c21d40bf4419d28cb78a8) Importer(815301076,1909f56bfc062723c751e8b465ee728b)
Start importing Assets/Scripts/MapPointScriptable.cs using Guid(39fc00d3bd7c21d40bf4419d28cb78a8) Importer(815301076,1909f56bfc062723c751e8b465ee728b)  -> (artifact id: '6e9a966292badcf3498cad6db3e7e6dc') in 0.012030 seconds 
  Import took 0.021104 seconds .

========================================================================
Received Import Request.
  Time since last request: 0.003247 seconds.
  path: Assets/Scripts/MapPointScriptable.cs
  artifactKey: Guid(39fc00d3bd7c21d40bf4419d28cb78a8) Importer(815301076,1909f56bfc062723c751e8b465ee728b)
Start importing Assets/Scripts/MapPointScriptable.cs using Guid(39fc00d3bd7c21d40bf4419d28cb78a8) Importer(815301076,1909f56bfc062723c751e8b465ee728b)  -> (artifact id: '6e9a966292badcf3498cad6db3e7e6dc') in 0.003660 seconds 
  Import took 0.011317 seconds .

========================================================================
Received Import Request.
  Time since last request: 47.950085 seconds.
  path: Assets/Map Points/MapPoint1.asset
  artifactKey: Guid(1fdaee64dccb6ea42acfb0e513cb6ad6) Importer(815301076,1909f56bfc062723c751e8b465ee728b)
Start importing Assets/Map Points/MapPoint1.asset using Guid(1fdaee64dccb6ea42acfb0e513cb6ad6) Importer(815301076,1909f56bfc062723c751e8b465ee728b)  -> (artifact id: '7c8c274d910cd7b259893fe6136f11c7') in 0.017402 seconds 
  Import took 0.025066 seconds .

========================================================================
Received Import Request.
  Time since last request: 0.000410 seconds.
  path: Assets/Map Points/MapPoint2.asset
  artifactKey: Guid(6a520191428761745994c71b29f20a28) Importer(815301076,1909f56bfc062723c751e8b465ee728b)
Start importing Assets/Map Points/MapPoint2.asset using Guid(6a520191428761745994c71b29f20a28) Importer(815301076,1909f56bfc062723c751e8b465ee728b)  -> (artifact id: 'd537046a8fb2ec0305c3506a1077c7c0') in 0.013201 seconds 
  Import took 0.019444 seconds .

========================================================================
Received Import Request.
  Time since last request: 0.000331 seconds.
  path: Assets/Map Points/MapPoint1.asset
  artifactKey: Guid(1fdaee64dccb6ea42acfb0e513cb6ad6) Importer(815301076,1909f56bfc062723c751e8b465ee728b)
Start importing Assets/Map Points/MapPoint1.asset using Guid(1fdaee64dccb6ea42acfb0e513cb6ad6) Importer(815301076,1909f56bfc062723c751e8b465ee728b)  -> (artifact id: '7c8c274d910cd7b259893fe6136f11c7') in 0.005485 seconds 
  Import took 0.011639 seconds .

========================================================================
Received Import Request.
  Time since last request: 0.000268 seconds.
  path: Assets/Map Points/MapPoint2.asset
  artifactKey: Guid(6a520191428761745994c71b29f20a28) Importer(815301076,1909f56bfc062723c751e8b465ee728b)
Start importing Assets/Map Points/MapPoint2.asset using Guid(6a520191428761745994c71b29f20a28) Importer(815301076,1909f56bfc062723c751e8b465ee728b)  -> (artifact id: 'd537046a8fb2ec0305c3506a1077c7c0') in 0.006922 seconds 
  Import took 0.012932 seconds .

========================================================================
Received Prepare
Registering precompiled user dll's ...
Registered in 0.008669 seconds.
Begin MonoManager ReloadAssembly
Native extension for WindowsStandalone target not found
Native extension for WebGL target not found
Refreshing native plugins compatible for Editor in 1.06 ms, found 3 plugins.
Preloading 0 native plugins for Editor in 0.00 ms.
Mono: successfully reloaded assembly
- Completed reload, in  1.867 seconds
Domain Reload Profiling:
	ReloadAssembly (1868ms)
		BeginReloadAssembly (175ms)
			ExecutionOrderSort (0ms)
			DisableScriptedObjects (8ms)
			BackupInstance (0ms)
			ReleaseScriptingObjects (0ms)
			CreateAndSetChildDomain (60ms)
		EndReloadAssembly (1581ms)
			LoadAssemblies (144ms)
			RebuildTransferFunctionScriptingTraits (0ms)
			SetupTypeCache (559ms)
			ReleaseScriptCaches (2ms)
			RebuildScriptCaches (86ms)
			SetupLoadedEditorAssemblies (603ms)
				LogAssemblyErrors (0ms)
				InitializePlatformSupportModulesInManaged (8ms)
				SetLoadedEditorAssemblies (1ms)
				RefreshPlugins (1ms)
				BeforeProcessingInitializeOnLoad (177ms)
				ProcessInitializeOnLoadAttributes (396ms)
				ProcessInitializeOnLoadMethodAttributes (6ms)
				AfterProcessingInitializeOnLoad (13ms)
				EditorAssembliesLoaded (0ms)
			ExecutionOrderSort2 (0ms)
			AwakeInstancesAfterBackupRestoration (24ms)
Platform modules already initialized, skipping
Shader 'Universal Render Pipeline/Particles/Lit': fallback shader 'Universal Render Pipeline/Particles/SimpleLit' not found
Refreshing native plugins compatible for Editor in 1.06 ms, found 3 plugins.
Preloading 0 native plugins for Editor in 0.00 ms.
Unloading 2943 Unused Serialized files (Serialized files now loaded: 0)
System memory in use before: 148.9 MB.
System memory in use after: 149.1 MB.

Unloading 18 unused Assets to reduce memory usage. Loaded Objects now: 3524.
Total: 4.311900 ms (FindLiveObjects: 0.691900 ms CreateObjectMapping: 0.148100 ms MarkObjects: 3.435400 ms  DeleteObjects: 0.035000 ms)

AssetImportParameters requested are different than current active one (requested -> active):
  custom:framework-win-MediaFoundation: 216162199b28c13a410421893ffa2e32 -> 
  custom:video-decoder-ogg-theora: a1e56fd34408186e4bbccfd4996cb3dc -> 
  custom:container-muxer-webm: aa71ff27fc2769a1b78a27578f13a17b -> 
  custom:container-demuxer-webm: 4f35f7cbe854078d1ac9338744f61a02 -> 
  custom:container-demuxer-ogg: 62fdf1f143b41e24485cea50d1cbac27 -> 
  custom:video-encoder-webm-vp8: eb34c28f22e8b96e1ab97ce403110664 -> 
  custom:video-decoder-webm-vp8: 9c59270c3fd7afecdb556c50c9e8de78 -> 
  custom:audio-decoder-ogg-vorbis: bf7c407c2cedff20999df2af8eb42d56 -> 
  custom:audio-encoder-webm-vorbis: bf7c407c2cedff20999df2af8eb42d56 -> 
========================================================================
Received Import Request.
  Time since last request: 39.575326 seconds.
  path: Assets/Scenes
  artifactKey: Guid(2fc5c031595d5c147b3eaf5ca6fe1057) Importer(815301076,1909f56bfc062723c751e8b465ee728b)
Start importing Assets/Scenes using Guid(2fc5c031595d5c147b3eaf5ca6fe1057) Importer(815301076,1909f56bfc062723c751e8b465ee728b)  -> (artifact id: '52cfbd89488b56e612b80ef280b591ca') in 0.017521 seconds 
  Import took 0.024848 seconds .

AssetImportWorkerClient::OnTransportError - code=2 error=End of file
